Wed Sep 28 15:05:37 IST 2016  [debug] AvalonLogSystem initialized using logfile 'velocity.log'
Wed Sep 28 15:05:37 IST 2016   [info] ************************************************************** 
Wed Sep 28 15:05:37 IST 2016   [info] Starting Jakarta Velocity v1.4
Wed Sep 28 15:05:37 IST 2016   [info] RuntimeInstance initializing.
Wed Sep 28 15:05:37 IST 2016   [info] Default Properties File: org\apache\velocity\runtime\defaults\velocity.properties
Wed Sep 28 15:05:37 IST 2016   [info] Trying to use logger class org.apache.velocity.runtime.log.AvalonLogSystem
Wed Sep 28 15:05:37 IST 2016   [info] Using logger class org.apache.velocity.runtime.log.AvalonLogSystem
Wed Sep 28 15:05:37 IST 2016   [info] Default ResourceManager initializing. (class org.apache.velocity.runtime.resource.ResourceManagerImpl)
Wed Sep 28 15:05:37 IST 2016   [info] Resource Loader Instantiated: org.apache.velocity.runtime.resource.loader.ClasspathResourceLoader
Wed Sep 28 15:05:37 IST 2016   [info] ClasspathResourceLoader : initialization starting.
Wed Sep 28 15:05:37 IST 2016   [info] ClasspathResourceLoader : initialization complete.
Wed Sep 28 15:05:37 IST 2016   [info] ResourceCache : initialized. (class org.apache.velocity.runtime.resource.ResourceCacheImpl)
Wed Sep 28 15:05:37 IST 2016   [info] Default ResourceManager initialization complete.
Wed Sep 28 15:05:37 IST 2016   [info] Loaded System Directive: org.apache.velocity.runtime.directive.Literal
Wed Sep 28 15:05:37 IST 2016   [info] Loaded System Directive: org.apache.velocity.runtime.directive.Macro
Wed Sep 28 15:05:37 IST 2016   [info] Loaded System Directive: org.apache.velocity.runtime.directive.Parse
Wed Sep 28 15:05:37 IST 2016   [info] Loaded System Directive: org.apache.velocity.runtime.directive.Include
Wed Sep 28 15:05:37 IST 2016   [info] Loaded System Directive: org.apache.velocity.runtime.directive.Foreach
Wed Sep 28 15:05:37 IST 2016   [info] Created: 20 parsers.
Wed Sep 28 15:05:37 IST 2016   [info] Velocimacro : initialization starting.
Wed Sep 28 15:05:37 IST 2016   [info] Velocimacro : adding VMs from VM library template : VM_global_library.vm
Wed Sep 28 15:05:37 IST 2016  [error] ResourceManager : unable to find resource 'VM_global_library.vm' in any resource loader.
Wed Sep 28 15:05:37 IST 2016   [info] Velocimacro : error using  VM library template VM_global_library.vm : org.apache.velocity.exception.ResourceNotFoundException: Unable to find resource 'VM_global_library.vm'
Wed Sep 28 15:05:37 IST 2016   [info] Velocimacro :  VM library template macro registration complete.
Wed Sep 28 15:05:37 IST 2016   [info] Velocimacro : allowInline = true : VMs can be defined inline in templates
Wed Sep 28 15:05:37 IST 2016   [info] Velocimacro : allowInlineToOverride = false : VMs defined inline may NOT replace previous VM definitions
Wed Sep 28 15:05:37 IST 2016   [info] Velocimacro : allowInlineLocal = false : VMs defined inline will be  global in scope if allowed.
Wed Sep 28 15:05:37 IST 2016   [info] Velocimacro : messages on  : VM system will output logging messages
Wed Sep 28 15:05:37 IST 2016   [info] Velocimacro : autoload off  : VM system will not automatically reload global library macros
Wed Sep 28 15:05:37 IST 2016   [info] Velocimacro : initialization complete.
Wed Sep 28 15:05:37 IST 2016   [info] Velocity successfully started.
